  LINK : 没有找到 E:\CJHFiles\C++\SDLGameFramework\SDLGameFramework.WindowsDesktop\OutPut\Win32\Debug\SDLGameFramework.WindowsDesktop.exe 或上一个增量链接没有生成它；正在执行完全链接
  SDLGameFramework.WindowsDesktop.vcxproj -> E:\CJHFiles\C++\SDLGameFramework\SDLGameFramework.WindowsDesktop\OutPut\Win32\Debug\SDLGameFramework.WindowsDesktop.exe
  E:\CJHFiles\C++\SDLGameFramework\SDLGameFramework.WindowsDesktop\SDLGameFramework.WindowsDesktop\Resource\Fonts\simhei.ttf
  E:\CJHFiles\C++\SDLGameFramework\SDLGameFramework.WindowsDesktop\SDLGameFramework.WindowsDesktop\Resource\Images\acheesements_icons.png
  E:\CJHFiles\C++\SDLGameFramework\SDLGameFramework.WindowsDesktop\SDLGameFramework.WindowsDesktop\Resource\Images\axis.png
  E:\CJHFiles\C++\SDLGameFramework\SDLGameFramework.WindowsDesktop\SDLGameFramework.WindowsDesktop\Resource\Images\Axis_100p.png
  E:\CJHFiles\C++\SDLGameFramework\SDLGameFramework.WindowsDesktop\SDLGameFramework.WindowsDesktop\Resource\Images\Block.png
  E:\CJHFiles\C++\SDLGameFramework\SDLGameFramework.WindowsDesktop\SDLGameFramework.WindowsDesktop\Resource\Images\Block_Trans.png
  E:\CJHFiles\C++\SDLGameFramework\SDLGameFramework.WindowsDesktop\SDLGameFramework.WindowsDesktop\Resource\Images\Camera.png
  E:\CJHFiles\C++\SDLGameFramework\SDLGameFramework.WindowsDesktop\SDLGameFramework.WindowsDesktop\Resource\Images\Camera_100p.png
  E:\CJHFiles\C++\SDLGameFramework\SDLGameFramework.WindowsDesktop\SDLGameFramework.WindowsDesktop\Resource\Sounds\一直很安静_阿桑.wav
  复制了 9 个文件
  E:\CJHFiles\C++\SDLGameFramework\SDLGameFramework.WindowsDesktop\SDLGameFramework.WindowsDesktop\SDL2\SDL2-2.0.14\lib\x86\SDL2.dll
  已复制         1 个文件。
  E:\CJHFiles\C++\SDLGameFramework\SDLGameFramework.WindowsDesktop\SDLGameFramework.WindowsDesktop\SDL2\SDL2_ttf-2.0.15\lib\x86\libfreetype-6.dll
  E:\CJHFiles\C++\SDLGameFramework\SDLGameFramework.WindowsDesktop\SDLGameFramework.WindowsDesktop\SDL2\SDL2_ttf-2.0.15\lib\x86\SDL2_ttf.dll
  E:\CJHFiles\C++\SDLGameFramework\SDLGameFramework.WindowsDesktop\SDLGameFramework.WindowsDesktop\SDL2\SDL2_ttf-2.0.15\lib\x86\zlib1.dll
  已复制         3 个文件。
  E:\CJHFiles\C++\SDLGameFramework\SDLGameFramework.WindowsDesktop\SDLGameFramework.WindowsDesktop\SDL2\SDL2_image-2.0.5\lib\x86\libjpeg-9.dll
  E:\CJHFiles\C++\SDLGameFramework\SDLGameFramework.WindowsDesktop\SDLGameFramework.WindowsDesktop\SDL2\SDL2_image-2.0.5\lib\x86\libpng16-16.dll
  E:\CJHFiles\C++\SDLGameFramework\SDLGameFramework.WindowsDesktop\SDLGameFramework.WindowsDesktop\SDL2\SDL2_image-2.0.5\lib\x86\libtiff-5.dll
  E:\CJHFiles\C++\SDLGameFramework\SDLGameFramework.WindowsDesktop\SDLGameFramework.WindowsDesktop\SDL2\SDL2_image-2.0.5\lib\x86\libwebp-7.dll
  E:\CJHFiles\C++\SDLGameFramework\SDLGameFramework.WindowsDesktop\SDLGameFramework.WindowsDesktop\SDL2\SDL2_image-2.0.5\lib\x86\SDL2_image.dll
  E:\CJHFiles\C++\SDLGameFramework\SDLGameFramework.WindowsDesktop\SDLGameFramework.WindowsDesktop\SDL2\SDL2_image-2.0.5\lib\x86\zlib1.dll
  已复制         6 个文件。
