  AudioManager.cpp
  AxisXYPF.cpp
C:\Users\CJH01200203\Desktop\SDLGameFramework\SDLGameFramework.WindowsDesktop\SDLGameFramework.WindowsDesktop\AudioManager.cpp(57,22): warning C4244: “参数”: 从“float”转换到“int”，可能丢失数据
C:\Users\CJH01200203\Desktop\SDLGameFramework\SDLGameFramework.WindowsDesktop\SDLGameFramework.WindowsDesktop\AudioManager.cpp(56,56): warning C4267: “参数”: 从“size_t”转换到“Uint32”，可能丢失数据
C:\Users\CJH01200203\Desktop\SDLGameFramework\SDLGameFramework.WindowsDesktop\SDLGameFramework.WindowsDesktop\AudioManager.cpp(131,29): warning C4267: “=”: 从“size_t”转换到“int”，可能丢失数据
E:\CJHFiles\C++\SDLGameFramework\SDLGameFramework.WindowsDesktop\SDLGameFramework.WindowsDesktop\FFmpeg\x64\include\libavutil\rational.h(1,1): warning C4819: 该文件包含不能在当前代码页(936)中表示的字符。请将该文件保存为 Unicode 格式以防止数据丢失
  (编译源文件“AudioManager.cpp”)
  
C:\Users\CJH01200203\Desktop\SDLGameFramework\SDLGameFramework.WindowsDesktop\SDLGameFramework.WindowsDesktop\AudioManager.cpp(292,20): warning C4018: “<”: 有符号/无符号不匹配
C:\Users\CJH01200203\Desktop\SDLGameFramework\SDLGameFramework.WindowsDesktop\SDLGameFramework.WindowsDesktop\AudioManager.cpp(278,8): warning C4101: “f”: 未引用的局部变量
  BlockPF.cpp
  BlockTransPF.cpp
  BoxCollider.cpp
  Button.cpp
  ButtonPF.cpp
  Camera.cpp
  CameraPF.cpp
  Canvas.cpp
  CanvasPF.cpp
  CanvasRenderer.cpp
  ClickTest.cpp
  ColliderTestPF.cpp
  CollisionManager.cpp
  Color.cpp
  Debug.cpp
  Event.cpp
  FontManager.cpp
C:\Users\CJH01200203\Desktop\SDLGameFramework\SDLGameFramework.WindowsDesktop\SDLGameFramework.WindowsDesktop\FontManager.cpp(21,49): warning C4267: “参数”: 从“size_t”转换到“int”，可能丢失数据
  GameManager.cpp
  正在生成代码...
  正在编译...
  GameObject.cpp
  ImagesManager.cpp
  Input.cpp
C:\Users\CJH01200203\Desktop\SDLGameFramework\SDLGameFramework.WindowsDesktop\SDLGameFramework.WindowsDesktop\Input.cpp(33,29): warning C4244: “参数”: 从“int”转换到“float”，可能丢失数据
C:\Users\CJH01200203\Desktop\SDLGameFramework\SDLGameFramework.WindowsDesktop\SDLGameFramework.WindowsDesktop\Input.cpp(33,26): warning C4244: “参数”: 从“int”转换到“float”，可能丢失数据
  main.cpp
  MathBase.cpp
  Matrix4x4.cpp
  NextText.cpp
  Prefab.cpp
  Random.cpp
  Rectangle.cpp
  RectanglePF.cpp
  RectTransform.cpp
  RenderInterface.cpp
  RenderManager.cpp
  Scene.cpp
  SceneManager.cpp
C:\Users\CJH01200203\Desktop\SDLGameFramework\SDLGameFramework.WindowsDesktop\SDLGameFramework.WindowsDesktop\SceneManager.cpp(165,17): warning C4244: “初始化”: 从“_Ty”转换到“int”，可能丢失数据
C:\Users\CJH01200203\Desktop\SDLGameFramework\SDLGameFramework.WindowsDesktop\SDLGameFramework.WindowsDesktop\SceneManager.cpp(165,17): warning C4244:         with
C:\Users\CJH01200203\Desktop\SDLGameFramework\SDLGameFramework.WindowsDesktop\SDLGameFramework.WindowsDesktop\SceneManager.cpp(165,17): warning C4244:         [
C:\Users\CJH01200203\Desktop\SDLGameFramework\SDLGameFramework.WindowsDesktop\SDLGameFramework.WindowsDesktop\SceneManager.cpp(165,17): warning C4244:             _Ty=double
C:\Users\CJH01200203\Desktop\SDLGameFramework\SDLGameFramework.WindowsDesktop\SDLGameFramework.WindowsDesktop\SceneManager.cpp(165,17): warning C4244:         ]
  Component.cpp
  ScorePF.cpp
  ShapePF.cpp
  ShapeScript.cpp
  正在生成代码...
  正在编译...
  TestScene.cpp
  TestScript.cpp
C:\Users\CJH01200203\Desktop\SDLGameFramework\SDLGameFramework.WindowsDesktop\SDLGameFramework.WindowsDesktop\TestScript.cpp(67,59): warning C4244: “参数”: 从“double”转换到“float”，可能丢失数据
  TetrisGameScene.cpp
  TetrisManager.cpp
  TetrisManagerPF.cpp
  Text.cpp
  Texture.cpp
  TextureRenderer.cpp
  Time.cpp
  Transform.cpp
C:\Users\CJH01200203\Desktop\SDLGameFramework\SDLGameFramework.WindowsDesktop\SDLGameFramework.WindowsDesktop\Transform.cpp(77,25): warning C4244: “=”: 从“double”转换到“float”，可能丢失数据
C:\Users\CJH01200203\Desktop\SDLGameFramework\SDLGameFramework.WindowsDesktop\SDLGameFramework.WindowsDesktop\Transform.cpp(78,30): warning C4244: “=”: 从“double”转换到“float”，可能丢失数据
C:\Users\CJH01200203\Desktop\SDLGameFramework\SDLGameFramework.WindowsDesktop\SDLGameFramework.WindowsDesktop\Transform.cpp(92,14): warning C4244: “-=”: 从“double”转换到“float”，可能丢失数据
C:\Users\CJH01200203\Desktop\SDLGameFramework\SDLGameFramework.WindowsDesktop\SDLGameFramework.WindowsDesktop\Transform.cpp(101,15): warning C4244: “初始化”: 从“const double”转换到“float”，可能丢失数据
C:\Users\CJH01200203\Desktop\SDLGameFramework\SDLGameFramework.WindowsDesktop\SDLGameFramework.WindowsDesktop\Transform.cpp(104,19): warning C4244: “+=”: 从“double”转换到“float”，可能丢失数据
C:\Users\CJH01200203\Desktop\SDLGameFramework\SDLGameFramework.WindowsDesktop\SDLGameFramework.WindowsDesktop\Transform.cpp(107,13): warning C4244: “return”: 从“double”转换到“float”，可能丢失数据
C:\Users\CJH01200203\Desktop\SDLGameFramework\SDLGameFramework.WindowsDesktop\SDLGameFramework.WindowsDesktop\Transform.cpp(138,60): warning C4244: “参数”: 从“double”转换到“float”，可能丢失数据
C:\Users\CJH01200203\Desktop\SDLGameFramework\SDLGameFramework.WindowsDesktop\SDLGameFramework.WindowsDesktop\Transform.cpp(143,60): warning C4244: “参数”: 从“double”转换到“float”，可能丢失数据
  Vector2.cpp
  Vector3.cpp
  WaitInstruction.cpp
  Window.cpp
C:\Users\CJH01200203\Desktop\SDLGameFramework\SDLGameFramework.WindowsDesktop\SDLGameFramework.WindowsDesktop\Window.cpp(79,24): warning C4244: “参数”: 从“int”转换到“float”，可能丢失数据
C:\Users\CJH01200203\Desktop\SDLGameFramework\SDLGameFramework.WindowsDesktop\SDLGameFramework.WindowsDesktop\Window.cpp(79,21): warning C4244: “参数”: 从“int”转换到“float”，可能丢失数据
  WindowsManager.cpp
  正在生成代码...
  SDLGameFramework.WindowsDesktop.vcxproj -> C:\Users\CJH01200203\Desktop\SDLGameFramework\SDLGameFramework.WindowsDesktop\OutPut\x64\Debug\SDLGameFramework.WindowsDesktop.exe
  把资源文件和dll自动复制到生成目录，生成事件无法正常继承，不要写在属性管理器
  C:\Users\CJH01200203\Desktop\SDLGameFramework\SDLGameFramework.WindowsDesktop\SDLGameFramework.WindowsDesktop\Resource\Fonts\simhei.ttf
  C:\Users\CJH01200203\Desktop\SDLGameFramework\SDLGameFramework.WindowsDesktop\SDLGameFramework.WindowsDesktop\Resource\Images\acheesements_icons.png
  C:\Users\CJH01200203\Desktop\SDLGameFramework\SDLGameFramework.WindowsDesktop\SDLGameFramework.WindowsDesktop\Resource\Images\axis.png
  C:\Users\CJH01200203\Desktop\SDLGameFramework\SDLGameFramework.WindowsDesktop\SDLGameFramework.WindowsDesktop\Resource\Images\Axis_100p.png
  C:\Users\CJH01200203\Desktop\SDLGameFramework\SDLGameFramework.WindowsDesktop\SDLGameFramework.WindowsDesktop\Resource\Images\Block.png
  C:\Users\CJH01200203\Desktop\SDLGameFramework\SDLGameFramework.WindowsDesktop\SDLGameFramework.WindowsDesktop\Resource\Images\Block_Trans.png
  C:\Users\CJH01200203\Desktop\SDLGameFramework\SDLGameFramework.WindowsDesktop\SDLGameFramework.WindowsDesktop\Resource\Images\button.png
  C:\Users\CJH01200203\Desktop\SDLGameFramework\SDLGameFramework.WindowsDesktop\SDLGameFramework.WindowsDesktop\Resource\Images\button_down.png
  C:\Users\CJH01200203\Desktop\SDLGameFramework\SDLGameFramework.WindowsDesktop\SDLGameFramework.WindowsDesktop\Resource\Images\button_hl.png
  C:\Users\CJH01200203\Desktop\SDLGameFramework\SDLGameFramework.WindowsDesktop\SDLGameFramework.WindowsDesktop\Resource\Images\button_pres.png
  C:\Users\CJH01200203\Desktop\SDLGameFramework\SDLGameFramework.WindowsDesktop\SDLGameFramework.WindowsDesktop\Resource\Images\Camera.png
  C:\Users\CJH01200203\Desktop\SDLGameFramework\SDLGameFramework.WindowsDesktop\SDLGameFramework.WindowsDesktop\Resource\Images\Camera_100p.png
  C:\Users\CJH01200203\Desktop\SDLGameFramework\SDLGameFramework.WindowsDesktop\SDLGameFramework.WindowsDesktop\Resource\Sounds\一直很安静_阿桑.wav
  C:\Users\CJH01200203\Desktop\SDLGameFramework\SDLGameFramework.WindowsDesktop\SDLGameFramework.WindowsDesktop\Resource\Sounds\周杰伦-稻香.ape
  C:\Users\CJH01200203\Desktop\SDLGameFramework\SDLGameFramework.WindowsDesktop\SDLGameFramework.WindowsDesktop\Resource\Sounds\林俊杰 金莎-被风吹过的夏天.ape
  C:\Users\CJH01200203\Desktop\SDLGameFramework\SDLGameFramework.WindowsDesktop\SDLGameFramework.WindowsDesktop\Resource\Sounds\林俊杰 金莎-被风吹过的夏天.wav
  C:\Users\CJH01200203\Desktop\SDLGameFramework\SDLGameFramework.WindowsDesktop\SDLGameFramework.WindowsDesktop\Resource\Sounds\被风.mp3
  复制了 17 个文件
  C:\Users\CJH01200203\Desktop\SDLGameFramework\SDLGameFramework.WindowsDesktop\SDLGameFramework.WindowsDesktop\SDL2\SDL2-2.28.5\lib\x64\SDL2.dll
  已复制         1 个文件。
  C:\Users\CJH01200203\Desktop\SDLGameFramework\SDLGameFramework.WindowsDesktop\SDLGameFramework.WindowsDesktop\SDL2\SDL2_ttf-2.0.15\lib\x64\libfreetype-6.dll
  C:\Users\CJH01200203\Desktop\SDLGameFramework\SDLGameFramework.WindowsDesktop\SDLGameFramework.WindowsDesktop\SDL2\SDL2_ttf-2.0.15\lib\x64\SDL2_ttf.dll
  C:\Users\CJH01200203\Desktop\SDLGameFramework\SDLGameFramework.WindowsDesktop\SDLGameFramework.WindowsDesktop\SDL2\SDL2_ttf-2.0.15\lib\x64\zlib1.dll
  已复制         3 个文件。
  C:\Users\CJH01200203\Desktop\SDLGameFramework\SDLGameFramework.WindowsDesktop\SDLGameFramework.WindowsDesktop\SDL2\SDL2_image-2.0.5\lib\x64\libjpeg-9.dll
  C:\Users\CJH01200203\Desktop\SDLGameFramework\SDLGameFramework.WindowsDesktop\SDLGameFramework.WindowsDesktop\SDL2\SDL2_image-2.0.5\lib\x64\libpng16-16.dll
  C:\Users\CJH01200203\Desktop\SDLGameFramework\SDLGameFramework.WindowsDesktop\SDLGameFramework.WindowsDesktop\SDL2\SDL2_image-2.0.5\lib\x64\libtiff-5.dll
  C:\Users\CJH01200203\Desktop\SDLGameFramework\SDLGameFramework.WindowsDesktop\SDLGameFramework.WindowsDesktop\SDL2\SDL2_image-2.0.5\lib\x64\libwebp-7.dll
  C:\Users\CJH01200203\Desktop\SDLGameFramework\SDLGameFramework.WindowsDesktop\SDLGameFramework.WindowsDesktop\SDL2\SDL2_image-2.0.5\lib\x64\SDL2_image.dll
  C:\Users\CJH01200203\Desktop\SDLGameFramework\SDLGameFramework.WindowsDesktop\SDLGameFramework.WindowsDesktop\SDL2\SDL2_image-2.0.5\lib\x64\zlib1.dll
  已复制         6 个文件。
  C:\Users\CJH01200203\Desktop\SDLGameFramework\SDLGameFramework.WindowsDesktop\SDLGameFramework.WindowsDesktop\FFmpeg\x64\bin\avcodec-58.dll
  C:\Users\CJH01200203\Desktop\SDLGameFramework\SDLGameFramework.WindowsDesktop\SDLGameFramework.WindowsDesktop\FFmpeg\x64\bin\avdevice-58.dll
  C:\Users\CJH01200203\Desktop\SDLGameFramework\SDLGameFramework.WindowsDesktop\SDLGameFramework.WindowsDesktop\FFmpeg\x64\bin\avfilter-7.dll
  C:\Users\CJH01200203\Desktop\SDLGameFramework\SDLGameFramework.WindowsDesktop\SDLGameFramework.WindowsDesktop\FFmpeg\x64\bin\avformat-58.dll
  C:\Users\CJH01200203\Desktop\SDLGameFramework\SDLGameFramework.WindowsDesktop\SDLGameFramework.WindowsDesktop\FFmpeg\x64\bin\avutil-56.dll
  C:\Users\CJH01200203\Desktop\SDLGameFramework\SDLGameFramework.WindowsDesktop\SDLGameFramework.WindowsDesktop\FFmpeg\x64\bin\swresample-3.dll
  C:\Users\CJH01200203\Desktop\SDLGameFramework\SDLGameFramework.WindowsDesktop\SDLGameFramework.WindowsDesktop\FFmpeg\x64\bin\swscale-5.dll
  已复制         7 个文件。
