e:\cjhfiles\c++\sdlgameframework\sdlgameframework.windowsdesktop\sdlgameframework.windowsdesktop\x64\debug\vc143.pdb
e:\cjhfiles\c++\sdlgameframework\sdlgameframework.windowsdesktop\sdlgameframework.windowsdesktop\x64\debug\vc143.idb
e:\cjhfiles\c++\sdlgameframework\sdlgameframework.windowsdesktop\sdlgameframework.windowsdesktop\x64\debug\mathbase.obj
e:\cjhfiles\c++\sdlgameframework\sdlgameframework.windowsdesktop\sdlgameframework.windowsdesktop\x64\debug\main.obj
e:\cjhfiles\c++\sdlgameframework\sdlgameframework.windowsdesktop\sdlgameframework.windowsdesktop\x64\debug\input.obj
e:\cjhfiles\c++\sdlgameframework\sdlgameframework.windowsdesktop\sdlgameframework.windowsdesktop\x64\debug\imagesmanager.obj
e:\cjhfiles\c++\sdlgameframework\sdlgameframework.windowsdesktop\sdlgameframework.windowsdesktop\x64\debug\gameobject.obj
e:\cjhfiles\c++\sdlgameframework\sdlgameframework.windowsdesktop\sdlgameframework.windowsdesktop\x64\debug\gamemanager.obj
e:\cjhfiles\c++\sdlgameframework\sdlgameframework.windowsdesktop\sdlgameframework.windowsdesktop\x64\debug\fontmanager.obj
e:\cjhfiles\c++\sdlgameframework\sdlgameframework.windowsdesktop\sdlgameframework.windowsdesktop\x64\debug\event.obj
e:\cjhfiles\c++\sdlgameframework\sdlgameframework.windowsdesktop\sdlgameframework.windowsdesktop\x64\debug\debug.obj
e:\cjhfiles\c++\sdlgameframework\sdlgameframework.windowsdesktop\sdlgameframework.windowsdesktop\x64\debug\color.obj
e:\cjhfiles\c++\sdlgameframework\sdlgameframework.windowsdesktop\sdlgameframework.windowsdesktop\x64\debug\collisionmanager.obj
e:\cjhfiles\c++\sdlgameframework\sdlgameframework.windowsdesktop\sdlgameframework.windowsdesktop\x64\debug\collidertestpf.obj
e:\cjhfiles\c++\sdlgameframework\sdlgameframework.windowsdesktop\sdlgameframework.windowsdesktop\x64\debug\clicktest.obj
e:\cjhfiles\c++\sdlgameframework\sdlgameframework.windowsdesktop\sdlgameframework.windowsdesktop\x64\debug\camerapf.obj
e:\cjhfiles\c++\sdlgameframework\sdlgameframework.windowsdesktop\sdlgameframework.windowsdesktop\x64\debug\camera.obj
e:\cjhfiles\c++\sdlgameframework\sdlgameframework.windowsdesktop\sdlgameframework.windowsdesktop\x64\debug\boxcollider.obj
e:\cjhfiles\c++\sdlgameframework\sdlgameframework.windowsdesktop\sdlgameframework.windowsdesktop\x64\debug\blocktranspf.obj
e:\cjhfiles\c++\sdlgameframework\sdlgameframework.windowsdesktop\sdlgameframework.windowsdesktop\x64\debug\blockpf.obj
e:\cjhfiles\c++\sdlgameframework\sdlgameframework.windowsdesktop\sdlgameframework.windowsdesktop\x64\debug\axisxypf.obj
e:\cjhfiles\c++\sdlgameframework\sdlgameframework.windowsdesktop\sdlgameframework.windowsdesktop\x64\debug\audiomanager.obj
e:\cjhfiles\c++\sdlgameframework\sdlgameframework.windowsdesktop\sdlgameframework.windowsdesktop\x64\debug\texture.obj
e:\cjhfiles\c++\sdlgameframework\sdlgameframework.windowsdesktop\sdlgameframework.windowsdesktop\x64\debug\text.obj
e:\cjhfiles\c++\sdlgameframework\sdlgameframework.windowsdesktop\sdlgameframework.windowsdesktop\x64\debug\tetrismanagerpf.obj
e:\cjhfiles\c++\sdlgameframework\sdlgameframework.windowsdesktop\sdlgameframework.windowsdesktop\x64\debug\tetrismanager.obj
e:\cjhfiles\c++\sdlgameframework\sdlgameframework.windowsdesktop\sdlgameframework.windowsdesktop\x64\debug\tetrisgamescene.obj
e:\cjhfiles\c++\sdlgameframework\sdlgameframework.windowsdesktop\sdlgameframework.windowsdesktop\x64\debug\testscript.obj
e:\cjhfiles\c++\sdlgameframework\sdlgameframework.windowsdesktop\sdlgameframework.windowsdesktop\x64\debug\testscene.obj
e:\cjhfiles\c++\sdlgameframework\sdlgameframework.windowsdesktop\sdlgameframework.windowsdesktop\x64\debug\shapescript.obj
e:\cjhfiles\c++\sdlgameframework\sdlgameframework.windowsdesktop\sdlgameframework.windowsdesktop\x64\debug\shapepf.obj
e:\cjhfiles\c++\sdlgameframework\sdlgameframework.windowsdesktop\sdlgameframework.windowsdesktop\x64\debug\scorepf.obj
e:\cjhfiles\c++\sdlgameframework\sdlgameframework.windowsdesktop\sdlgameframework.windowsdesktop\x64\debug\component.obj
e:\cjhfiles\c++\sdlgameframework\sdlgameframework.windowsdesktop\sdlgameframework.windowsdesktop\x64\debug\scenemanager.obj
e:\cjhfiles\c++\sdlgameframework\sdlgameframework.windowsdesktop\sdlgameframework.windowsdesktop\x64\debug\scene.obj
e:\cjhfiles\c++\sdlgameframework\sdlgameframework.windowsdesktop\sdlgameframework.windowsdesktop\x64\debug\rendermanager.obj
e:\cjhfiles\c++\sdlgameframework\sdlgameframework.windowsdesktop\sdlgameframework.windowsdesktop\x64\debug\renderinterface.obj
e:\cjhfiles\c++\sdlgameframework\sdlgameframework.windowsdesktop\sdlgameframework.windowsdesktop\x64\debug\rectanglepf.obj
e:\cjhfiles\c++\sdlgameframework\sdlgameframework.windowsdesktop\sdlgameframework.windowsdesktop\x64\debug\rectangle.obj
e:\cjhfiles\c++\sdlgameframework\sdlgameframework.windowsdesktop\sdlgameframework.windowsdesktop\x64\debug\random.obj
e:\cjhfiles\c++\sdlgameframework\sdlgameframework.windowsdesktop\sdlgameframework.windowsdesktop\x64\debug\prefab.obj
e:\cjhfiles\c++\sdlgameframework\sdlgameframework.windowsdesktop\sdlgameframework.windowsdesktop\x64\debug\nexttext.obj
e:\cjhfiles\c++\sdlgameframework\sdlgameframework.windowsdesktop\sdlgameframework.windowsdesktop\x64\debug\windowsmanager.obj
e:\cjhfiles\c++\sdlgameframework\sdlgameframework.windowsdesktop\sdlgameframework.windowsdesktop\x64\debug\window.obj
e:\cjhfiles\c++\sdlgameframework\sdlgameframework.windowsdesktop\sdlgameframework.windowsdesktop\x64\debug\waitinstruction.obj
e:\cjhfiles\c++\sdlgameframework\sdlgameframework.windowsdesktop\sdlgameframework.windowsdesktop\x64\debug\vector3.obj
e:\cjhfiles\c++\sdlgameframework\sdlgameframework.windowsdesktop\sdlgameframework.windowsdesktop\x64\debug\vector2.obj
e:\cjhfiles\c++\sdlgameframework\sdlgameframework.windowsdesktop\sdlgameframework.windowsdesktop\x64\debug\transform.obj
e:\cjhfiles\c++\sdlgameframework\sdlgameframework.windowsdesktop\sdlgameframework.windowsdesktop\x64\debug\time.obj
e:\cjhfiles\c++\sdlgameframework\sdlgameframework.windowsdesktop\sdlgameframework.windowsdesktop\x64\debug\texturerenderer.obj
e:\cjhfiles\c++\sdlgameframework\sdlgameframework.windowsdesktop\sdlgameframework.windowsdesktop\x64\debug\recttransform.obj
e:\cjhfiles\c++\sdlgameframework\sdlgameframework.windowsdesktop\sdlgameframework.windowsdesktop\x64\debug\canvasrenderer.obj
e:\cjhfiles\c++\sdlgameframework\sdlgameframework.windowsdesktop\sdlgameframework.windowsdesktop\x64\debug\canvas.obj
e:\cjhfiles\c++\sdlgameframework\sdlgameframework.windowsdesktop\sdlgameframework.windowsdesktop\x64\debug\canvaspf.obj
e:\cjhfiles\c++\sdlgameframework\sdlgameframework.windowsdesktop\sdlgameframework.windowsdesktop\x64\debug\buttonpf.obj
e:\cjhfiles\c++\sdlgameframework\sdlgameframework.windowsdesktop\sdlgameframework.windowsdesktop\x64\debug\button.obj
e:\cjhfiles\c++\sdlgameframework\sdlgameframework.windowsdesktop\sdlgameframework.windowsdesktop\x64\debug\matrix4x4.obj
e:\cjhfiles\c++\sdlgameframework\sdlgameframework.windowsdesktop\output\x64\debug\sdlgameframework.windowsdesktop.exe
e:\cjhfiles\c++\sdlgameframework\sdlgameframework.windowsdesktop\output\x64\debug\sdlgameframework.windowsdesktop.pdb
e:\cjhfiles\c++\sdlgameframework\sdlgameframework.windowsdesktop\sdlgameframework.windowsdesktop\x64\debug\sdlgameframework.windowsdesktop.ilk
c:\users\cjh01200203\desktop\sdlgameframework\sdlgameframework.windowsdesktop\sdlgameframework.windowsdesktop\x64\debug\audiomanager.obj
c:\users\cjh01200203\desktop\sdlgameframework\sdlgameframework.windowsdesktop\sdlgameframework.windowsdesktop\x64\debug\axisxypf.obj
c:\users\cjh01200203\desktop\sdlgameframework\sdlgameframework.windowsdesktop\sdlgameframework.windowsdesktop\x64\debug\blockpf.obj
c:\users\cjh01200203\desktop\sdlgameframework\sdlgameframework.windowsdesktop\sdlgameframework.windowsdesktop\x64\debug\blocktranspf.obj
c:\users\cjh01200203\desktop\sdlgameframework\sdlgameframework.windowsdesktop\sdlgameframework.windowsdesktop\x64\debug\boxcollider.obj
c:\users\cjh01200203\desktop\sdlgameframework\sdlgameframework.windowsdesktop\sdlgameframework.windowsdesktop\x64\debug\button.obj
c:\users\cjh01200203\desktop\sdlgameframework\sdlgameframework.windowsdesktop\sdlgameframework.windowsdesktop\x64\debug\buttonpf.obj
c:\users\cjh01200203\desktop\sdlgameframework\sdlgameframework.windowsdesktop\sdlgameframework.windowsdesktop\x64\debug\camera.obj
c:\users\cjh01200203\desktop\sdlgameframework\sdlgameframework.windowsdesktop\sdlgameframework.windowsdesktop\x64\debug\camerapf.obj
c:\users\cjh01200203\desktop\sdlgameframework\sdlgameframework.windowsdesktop\sdlgameframework.windowsdesktop\x64\debug\canvas.obj
c:\users\cjh01200203\desktop\sdlgameframework\sdlgameframework.windowsdesktop\sdlgameframework.windowsdesktop\x64\debug\canvaspf.obj
c:\users\cjh01200203\desktop\sdlgameframework\sdlgameframework.windowsdesktop\sdlgameframework.windowsdesktop\x64\debug\canvasrenderer.obj
c:\users\cjh01200203\desktop\sdlgameframework\sdlgameframework.windowsdesktop\sdlgameframework.windowsdesktop\x64\debug\clicktest.obj
c:\users\cjh01200203\desktop\sdlgameframework\sdlgameframework.windowsdesktop\sdlgameframework.windowsdesktop\x64\debug\collidertestpf.obj
c:\users\cjh01200203\desktop\sdlgameframework\sdlgameframework.windowsdesktop\sdlgameframework.windowsdesktop\x64\debug\collisionmanager.obj
c:\users\cjh01200203\desktop\sdlgameframework\sdlgameframework.windowsdesktop\sdlgameframework.windowsdesktop\x64\debug\color.obj
c:\users\cjh01200203\desktop\sdlgameframework\sdlgameframework.windowsdesktop\sdlgameframework.windowsdesktop\x64\debug\component.obj
c:\users\cjh01200203\desktop\sdlgameframework\sdlgameframework.windowsdesktop\sdlgameframework.windowsdesktop\x64\debug\debug.obj
c:\users\cjh01200203\desktop\sdlgameframework\sdlgameframework.windowsdesktop\sdlgameframework.windowsdesktop\x64\debug\event.obj
c:\users\cjh01200203\desktop\sdlgameframework\sdlgameframework.windowsdesktop\sdlgameframework.windowsdesktop\x64\debug\fontmanager.obj
c:\users\cjh01200203\desktop\sdlgameframework\sdlgameframework.windowsdesktop\sdlgameframework.windowsdesktop\x64\debug\gamemanager.obj
c:\users\cjh01200203\desktop\sdlgameframework\sdlgameframework.windowsdesktop\sdlgameframework.windowsdesktop\x64\debug\gameobject.obj
c:\users\cjh01200203\desktop\sdlgameframework\sdlgameframework.windowsdesktop\sdlgameframework.windowsdesktop\x64\debug\imagesmanager.obj
c:\users\cjh01200203\desktop\sdlgameframework\sdlgameframework.windowsdesktop\sdlgameframework.windowsdesktop\x64\debug\input.obj
c:\users\cjh01200203\desktop\sdlgameframework\sdlgameframework.windowsdesktop\sdlgameframework.windowsdesktop\x64\debug\main.obj
c:\users\cjh01200203\desktop\sdlgameframework\sdlgameframework.windowsdesktop\sdlgameframework.windowsdesktop\x64\debug\mathbase.obj
c:\users\cjh01200203\desktop\sdlgameframework\sdlgameframework.windowsdesktop\sdlgameframework.windowsdesktop\x64\debug\matrix4x4.obj
c:\users\cjh01200203\desktop\sdlgameframework\sdlgameframework.windowsdesktop\sdlgameframework.windowsdesktop\x64\debug\nexttext.obj
c:\users\cjh01200203\desktop\sdlgameframework\sdlgameframework.windowsdesktop\sdlgameframework.windowsdesktop\x64\debug\prefab.obj
c:\users\cjh01200203\desktop\sdlgameframework\sdlgameframework.windowsdesktop\sdlgameframework.windowsdesktop\x64\debug\random.obj
c:\users\cjh01200203\desktop\sdlgameframework\sdlgameframework.windowsdesktop\sdlgameframework.windowsdesktop\x64\debug\rectangle.obj
c:\users\cjh01200203\desktop\sdlgameframework\sdlgameframework.windowsdesktop\sdlgameframework.windowsdesktop\x64\debug\rectanglepf.obj
c:\users\cjh01200203\desktop\sdlgameframework\sdlgameframework.windowsdesktop\sdlgameframework.windowsdesktop\x64\debug\recttransform.obj
c:\users\cjh01200203\desktop\sdlgameframework\sdlgameframework.windowsdesktop\sdlgameframework.windowsdesktop\x64\debug\renderinterface.obj
c:\users\cjh01200203\desktop\sdlgameframework\sdlgameframework.windowsdesktop\sdlgameframework.windowsdesktop\x64\debug\rendermanager.obj
c:\users\cjh01200203\desktop\sdlgameframework\sdlgameframework.windowsdesktop\sdlgameframework.windowsdesktop\x64\debug\scene.obj
c:\users\cjh01200203\desktop\sdlgameframework\sdlgameframework.windowsdesktop\sdlgameframework.windowsdesktop\x64\debug\scenemanager.obj
c:\users\cjh01200203\desktop\sdlgameframework\sdlgameframework.windowsdesktop\sdlgameframework.windowsdesktop\x64\debug\scorepf.obj
c:\users\cjh01200203\desktop\sdlgameframework\sdlgameframework.windowsdesktop\sdlgameframework.windowsdesktop\x64\debug\shapepf.obj
c:\users\cjh01200203\desktop\sdlgameframework\sdlgameframework.windowsdesktop\sdlgameframework.windowsdesktop\x64\debug\shapescript.obj
c:\users\cjh01200203\desktop\sdlgameframework\sdlgameframework.windowsdesktop\sdlgameframework.windowsdesktop\x64\debug\testscene.obj
c:\users\cjh01200203\desktop\sdlgameframework\sdlgameframework.windowsdesktop\sdlgameframework.windowsdesktop\x64\debug\testscript.obj
c:\users\cjh01200203\desktop\sdlgameframework\sdlgameframework.windowsdesktop\sdlgameframework.windowsdesktop\x64\debug\tetrisgamescene.obj
c:\users\cjh01200203\desktop\sdlgameframework\sdlgameframework.windowsdesktop\sdlgameframework.windowsdesktop\x64\debug\tetrismanager.obj
c:\users\cjh01200203\desktop\sdlgameframework\sdlgameframework.windowsdesktop\sdlgameframework.windowsdesktop\x64\debug\tetrismanagerpf.obj
c:\users\cjh01200203\desktop\sdlgameframework\sdlgameframework.windowsdesktop\sdlgameframework.windowsdesktop\x64\debug\text.obj
c:\users\cjh01200203\desktop\sdlgameframework\sdlgameframework.windowsdesktop\sdlgameframework.windowsdesktop\x64\debug\texture.obj
c:\users\cjh01200203\desktop\sdlgameframework\sdlgameframework.windowsdesktop\sdlgameframework.windowsdesktop\x64\debug\texturerenderer.obj
c:\users\cjh01200203\desktop\sdlgameframework\sdlgameframework.windowsdesktop\sdlgameframework.windowsdesktop\x64\debug\time.obj
c:\users\cjh01200203\desktop\sdlgameframework\sdlgameframework.windowsdesktop\sdlgameframework.windowsdesktop\x64\debug\transform.obj
c:\users\cjh01200203\desktop\sdlgameframework\sdlgameframework.windowsdesktop\sdlgameframework.windowsdesktop\x64\debug\vector2.obj
c:\users\cjh01200203\desktop\sdlgameframework\sdlgameframework.windowsdesktop\sdlgameframework.windowsdesktop\x64\debug\vector3.obj
c:\users\cjh01200203\desktop\sdlgameframework\sdlgameframework.windowsdesktop\sdlgameframework.windowsdesktop\x64\debug\waitinstruction.obj
c:\users\cjh01200203\desktop\sdlgameframework\sdlgameframework.windowsdesktop\sdlgameframework.windowsdesktop\x64\debug\window.obj
c:\users\cjh01200203\desktop\sdlgameframework\sdlgameframework.windowsdesktop\sdlgameframework.windowsdesktop\x64\debug\windowsmanager.obj
c:\users\cjh01200203\desktop\sdlgameframework\sdlgameframework.windowsdesktop\sdlgameframework.windowsdesktop\x64\debug\audiomanager.obj.enc
c:\users\cjh01200203\desktop\sdlgameframework\sdlgameframework.windowsdesktop\sdlgameframework.windowsdesktop\x64\debug\button.obj.enc
c:\users\cjh01200203\desktop\sdlgameframework\sdlgameframework.windowsdesktop\sdlgameframework.windowsdesktop\x64\debug\canvas.obj.enc
c:\users\cjh01200203\desktop\sdlgameframework\sdlgameframework.windowsdesktop\sdlgameframework.windowsdesktop\x64\debug\main.obj.enc
c:\users\cjh01200203\desktop\sdlgameframework\sdlgameframework.windowsdesktop\sdlgameframework.windowsdesktop\x64\debug\testscript.obj.enc
c:\users\cjh01200203\desktop\sdlgameframework\sdlgameframework.windowsdesktop\sdlgameframework.windowsdesktop\x64\debug\sdlgameframework.windowsdesktop.ilk
c:\users\cjh01200203\desktop\sdlgameframework\sdlgameframework.windowsdesktop\sdlgameframework.windowsdesktop\x64\debug\vc143.idb
c:\users\cjh01200203\desktop\sdlgameframework\sdlgameframework.windowsdesktop\sdlgameframework.windowsdesktop\x64\debug\vc143.pdb
c:\users\cjh01200203\desktop\sdlgameframework\sdlgameframework.windowsdesktop\sdlgameframework.windowsdesktop\x64\debug\sdlgamef.91715683.tlog\cl.command.1.tlog
c:\users\cjh01200203\desktop\sdlgameframework\sdlgameframework.windowsdesktop\sdlgameframework.windowsdesktop\x64\debug\sdlgamef.91715683.tlog\cl.items.tlog
c:\users\cjh01200203\desktop\sdlgameframework\sdlgameframework.windowsdesktop\sdlgameframework.windowsdesktop\x64\debug\sdlgamef.91715683.tlog\cl.read.1.tlog
c:\users\cjh01200203\desktop\sdlgameframework\sdlgameframework.windowsdesktop\sdlgameframework.windowsdesktop\x64\debug\sdlgamef.91715683.tlog\cl.write.1.tlog
c:\users\cjh01200203\desktop\sdlgameframework\sdlgameframework.windowsdesktop\sdlgameframework.windowsdesktop\x64\debug\sdlgamef.91715683.tlog\link.command.1.tlog
c:\users\cjh01200203\desktop\sdlgameframework\sdlgameframework.windowsdesktop\sdlgameframework.windowsdesktop\x64\debug\sdlgamef.91715683.tlog\link.read.1.tlog
c:\users\cjh01200203\desktop\sdlgameframework\sdlgameframework.windowsdesktop\sdlgameframework.windowsdesktop\x64\debug\sdlgamef.91715683.tlog\link.secondary.1.tlog
c:\users\cjh01200203\desktop\sdlgameframework\sdlgameframework.windowsdesktop\sdlgameframework.windowsdesktop\x64\debug\sdlgamef.91715683.tlog\link.write.1.tlog
