e:\cjhfiles\c++\sdlgameframework\sdlgameframework.windowsdesktop\sdlgameframework.windowsdesktop\x64\release\vc143.pdb
e:\cjhfiles\c++\sdlgameframework\sdlgameframework.windowsdesktop\sdlgameframework.windowsdesktop\x64\release\mathbase.obj
e:\cjhfiles\c++\sdlgameframework\sdlgameframework.windowsdesktop\sdlgameframework.windowsdesktop\x64\release\main.obj
e:\cjhfiles\c++\sdlgameframework\sdlgameframework.windowsdesktop\sdlgameframework.windowsdesktop\x64\release\input.obj
e:\cjhfiles\c++\sdlgameframework\sdlgameframework.windowsdesktop\sdlgameframework.windowsdesktop\x64\release\imagesmanager.obj
e:\cjhfiles\c++\sdlgameframework\sdlgameframework.windowsdesktop\sdlgameframework.windowsdesktop\x64\release\gameobject.obj
e:\cjhfiles\c++\sdlgameframework\sdlgameframework.windowsdesktop\sdlgameframework.windowsdesktop\x64\release\gamemanager.obj
e:\cjhfiles\c++\sdlgameframework\sdlgameframework.windowsdesktop\sdlgameframework.windowsdesktop\x64\release\fontmanager.obj
e:\cjhfiles\c++\sdlgameframework\sdlgameframework.windowsdesktop\sdlgameframework.windowsdesktop\x64\release\event.obj
e:\cjhfiles\c++\sdlgameframework\sdlgameframework.windowsdesktop\sdlgameframework.windowsdesktop\x64\release\debug.obj
e:\cjhfiles\c++\sdlgameframework\sdlgameframework.windowsdesktop\sdlgameframework.windowsdesktop\x64\release\color.obj
e:\cjhfiles\c++\sdlgameframework\sdlgameframework.windowsdesktop\sdlgameframework.windowsdesktop\x64\release\collisionmanager.obj
e:\cjhfiles\c++\sdlgameframework\sdlgameframework.windowsdesktop\sdlgameframework.windowsdesktop\x64\release\collidertestpf.obj
e:\cjhfiles\c++\sdlgameframework\sdlgameframework.windowsdesktop\sdlgameframework.windowsdesktop\x64\release\clicktest.obj
e:\cjhfiles\c++\sdlgameframework\sdlgameframework.windowsdesktop\sdlgameframework.windowsdesktop\x64\release\camerapf.obj
e:\cjhfiles\c++\sdlgameframework\sdlgameframework.windowsdesktop\sdlgameframework.windowsdesktop\x64\release\camera.obj
e:\cjhfiles\c++\sdlgameframework\sdlgameframework.windowsdesktop\sdlgameframework.windowsdesktop\x64\release\boxcollider.obj
e:\cjhfiles\c++\sdlgameframework\sdlgameframework.windowsdesktop\sdlgameframework.windowsdesktop\x64\release\blocktranspf.obj
e:\cjhfiles\c++\sdlgameframework\sdlgameframework.windowsdesktop\sdlgameframework.windowsdesktop\x64\release\blockpf.obj
e:\cjhfiles\c++\sdlgameframework\sdlgameframework.windowsdesktop\sdlgameframework.windowsdesktop\x64\release\axisxypf.obj
e:\cjhfiles\c++\sdlgameframework\sdlgameframework.windowsdesktop\sdlgameframework.windowsdesktop\x64\release\audiomanager.obj
e:\cjhfiles\c++\sdlgameframework\sdlgameframework.windowsdesktop\sdlgameframework.windowsdesktop\x64\release\texture.obj
e:\cjhfiles\c++\sdlgameframework\sdlgameframework.windowsdesktop\sdlgameframework.windowsdesktop\x64\release\text.obj
e:\cjhfiles\c++\sdlgameframework\sdlgameframework.windowsdesktop\sdlgameframework.windowsdesktop\x64\release\tetrismanagerpf.obj
e:\cjhfiles\c++\sdlgameframework\sdlgameframework.windowsdesktop\sdlgameframework.windowsdesktop\x64\release\tetrismanager.obj
e:\cjhfiles\c++\sdlgameframework\sdlgameframework.windowsdesktop\sdlgameframework.windowsdesktop\x64\release\tetrisgamescene.obj
e:\cjhfiles\c++\sdlgameframework\sdlgameframework.windowsdesktop\sdlgameframework.windowsdesktop\x64\release\testscript.obj
e:\cjhfiles\c++\sdlgameframework\sdlgameframework.windowsdesktop\sdlgameframework.windowsdesktop\x64\release\testscene.obj
e:\cjhfiles\c++\sdlgameframework\sdlgameframework.windowsdesktop\sdlgameframework.windowsdesktop\x64\release\shapescript.obj
e:\cjhfiles\c++\sdlgameframework\sdlgameframework.windowsdesktop\sdlgameframework.windowsdesktop\x64\release\shapepf.obj
e:\cjhfiles\c++\sdlgameframework\sdlgameframework.windowsdesktop\sdlgameframework.windowsdesktop\x64\release\scorepf.obj
e:\cjhfiles\c++\sdlgameframework\sdlgameframework.windowsdesktop\sdlgameframework.windowsdesktop\x64\release\component.obj
e:\cjhfiles\c++\sdlgameframework\sdlgameframework.windowsdesktop\sdlgameframework.windowsdesktop\x64\release\scenemanager.obj
e:\cjhfiles\c++\sdlgameframework\sdlgameframework.windowsdesktop\sdlgameframework.windowsdesktop\x64\release\scene.obj
e:\cjhfiles\c++\sdlgameframework\sdlgameframework.windowsdesktop\sdlgameframework.windowsdesktop\x64\release\rendermanager.obj
e:\cjhfiles\c++\sdlgameframework\sdlgameframework.windowsdesktop\sdlgameframework.windowsdesktop\x64\release\renderinterface.obj
e:\cjhfiles\c++\sdlgameframework\sdlgameframework.windowsdesktop\sdlgameframework.windowsdesktop\x64\release\rectanglepf.obj
e:\cjhfiles\c++\sdlgameframework\sdlgameframework.windowsdesktop\sdlgameframework.windowsdesktop\x64\release\rectangle.obj
e:\cjhfiles\c++\sdlgameframework\sdlgameframework.windowsdesktop\sdlgameframework.windowsdesktop\x64\release\random.obj
e:\cjhfiles\c++\sdlgameframework\sdlgameframework.windowsdesktop\sdlgameframework.windowsdesktop\x64\release\prefab.obj
e:\cjhfiles\c++\sdlgameframework\sdlgameframework.windowsdesktop\sdlgameframework.windowsdesktop\x64\release\nexttext.obj
e:\cjhfiles\c++\sdlgameframework\sdlgameframework.windowsdesktop\sdlgameframework.windowsdesktop\x64\release\windowsmanager.obj
e:\cjhfiles\c++\sdlgameframework\sdlgameframework.windowsdesktop\sdlgameframework.windowsdesktop\x64\release\window.obj
e:\cjhfiles\c++\sdlgameframework\sdlgameframework.windowsdesktop\sdlgameframework.windowsdesktop\x64\release\waitinstruction.obj
e:\cjhfiles\c++\sdlgameframework\sdlgameframework.windowsdesktop\sdlgameframework.windowsdesktop\x64\release\vector3.obj
e:\cjhfiles\c++\sdlgameframework\sdlgameframework.windowsdesktop\sdlgameframework.windowsdesktop\x64\release\vector2.obj
e:\cjhfiles\c++\sdlgameframework\sdlgameframework.windowsdesktop\sdlgameframework.windowsdesktop\x64\release\transform.obj
e:\cjhfiles\c++\sdlgameframework\sdlgameframework.windowsdesktop\sdlgameframework.windowsdesktop\x64\release\time.obj
e:\cjhfiles\c++\sdlgameframework\sdlgameframework.windowsdesktop\sdlgameframework.windowsdesktop\x64\release\texturerenderer.obj
e:\cjhfiles\c++\sdlgameframework\sdlgameframework.windowsdesktop\output\x64\release\sdlgameframework.windowsdesktop.exe
e:\cjhfiles\c++\sdlgameframework\sdlgameframework.windowsdesktop\sdlgameframework.windowsdesktop\x64\release\sdlgameframework.windowsdesktop.ipdb
e:\cjhfiles\c++\sdlgameframework\sdlgameframework.windowsdesktop\output\x64\release\sdlgameframework.windowsdesktop.pdb
e:\cjhfiles\c++\sdlgameframework\sdlgameframework.windowsdesktop\sdlgameframework.windowsdesktop\x64\release\sdlgameframework.windowsdesktop.iobj
e:\cjhfiles\c++\sdlgameframework\sdlgameframework.windowsdesktop\sdlgameframework.windowsdesktop\x64\release\sdlgamef.91715683.tlog\cl.command.1.tlog
e:\cjhfiles\c++\sdlgameframework\sdlgameframework.windowsdesktop\sdlgameframework.windowsdesktop\x64\release\sdlgamef.91715683.tlog\cl.items.tlog
e:\cjhfiles\c++\sdlgameframework\sdlgameframework.windowsdesktop\sdlgameframework.windowsdesktop\x64\release\sdlgamef.91715683.tlog\cl.read.1.tlog
e:\cjhfiles\c++\sdlgameframework\sdlgameframework.windowsdesktop\sdlgameframework.windowsdesktop\x64\release\sdlgamef.91715683.tlog\cl.write.1.tlog
e:\cjhfiles\c++\sdlgameframework\sdlgameframework.windowsdesktop\sdlgameframework.windowsdesktop\x64\release\sdlgamef.91715683.tlog\link.command.1.tlog
e:\cjhfiles\c++\sdlgameframework\sdlgameframework.windowsdesktop\sdlgameframework.windowsdesktop\x64\release\sdlgamef.91715683.tlog\link.read.1.tlog
e:\cjhfiles\c++\sdlgameframework\sdlgameframework.windowsdesktop\sdlgameframework.windowsdesktop\x64\release\sdlgamef.91715683.tlog\link.write.1.tlog
