  AudioManager.cpp
E:\CJHFiles\C++\SDLGameFramework\SDLGameFramework.WindowsDesktop\SDLGameFramework.WindowsDesktop\AudioManager.cpp(57,22): warning C4244: “参数”: 从“float”转换到“int”，可能丢失数据
E:\CJHFiles\C++\SDLGameFramework\SDLGameFramework.WindowsDesktop\SDLGameFramework.WindowsDesktop\AudioManager.cpp(56,56): warning C4267: “参数”: 从“size_t”转换到“Uint32”，可能丢失数据
E:\CJHFiles\C++\SDLGameFramework\SDLGameFramework.WindowsDesktop\SDLGameFramework.WindowsDesktop\AudioManager.cpp(131,29): warning C4267: “=”: 从“size_t”转换到“int”，可能丢失数据
E:\CJHFiles\C++\SDLGameFramework\SDLGameFramework.WindowsDesktop\SDLGameFramework.WindowsDesktop\AudioManager.cpp(136,30): warning C4244: “参数”: 从“double”转换到“const unsigned __int64”，可能丢失数据
E:\CJHFiles\C++\SDLGameFramework\SDLGameFramework.WindowsDesktop\SDLGameFramework.WindowsDesktop\FFmpeg\x64\include\libavutil\rational.h(1,1): warning C4819: 该文件包含不能在当前代码页(936)中表示的字符。请将该文件保存为 Unicode 格式以防止数据丢失
E:\CJHFiles\C++\SDLGameFramework\SDLGameFramework.WindowsDesktop\SDLGameFramework.WindowsDesktop\AudioManager.cpp(331,10): warning C4267: “参数”: 从“size_t”转换到“int”，可能丢失数据
E:\CJHFiles\C++\SDLGameFramework\SDLGameFramework.WindowsDesktop\SDLGameFramework.WindowsDesktop\AudioManager.cpp(348,15): warning C4267: “=”: 从“size_t”转换到“int”，可能丢失数据
  正在生成代码
  20 of 3801 functions ( 0.5%) were compiled, the rest were copied from previous compilation.
    0 functions were new in current compilation
    4 functions had inline decision re-evaluated but remain unchanged
  已完成代码的生成
  SDLGameFramework.WindowsDesktop.vcxproj -> E:\CJHFiles\C++\SDLGameFramework\SDLGameFramework.WindowsDesktop\OutPut\x64\Release\SDLGameFramework.WindowsDesktop.exe
  把资源文件和dll自动复制到生成目录，生成事件无法正常继承，不要写在属性管理器
  覆盖 E:\CJHFiles\C++\SDLGameFramework\SDLGameFramework.WindowsDesktop\OutPut\x64\Release\Resource\Fonts\simhei.ttf (Y:是/N:否/A:全部)?螠
  覆盖 E:\CJHFiles\C++\SDLGameFramework\SDLGameFramework.WindowsDesktop\OutPut\x64\Release\Resource\Fonts\simhei.ttf (Y:是/N:否/A:全部)?E:\CJHFiles\C++\SDLGameFramework\SDLGameFramework.WindowsDesktop\SDLGameFramework.WindowsDesktop\SDL2\SDL2-2.0.14\lib\x64\SDL2.dll
  已复制         1 个文件。
  E:\CJHFiles\C++\SDLGameFramework\SDLGameFramework.WindowsDesktop\SDLGameFramework.WindowsDesktop\SDL2\SDL2_ttf-2.0.15\lib\x64\libfreetype-6.dll
  E:\CJHFiles\C++\SDLGameFramework\SDLGameFramework.WindowsDesktop\SDLGameFramework.WindowsDesktop\SDL2\SDL2_ttf-2.0.15\lib\x64\SDL2_ttf.dll
  E:\CJHFiles\C++\SDLGameFramework\SDLGameFramework.WindowsDesktop\SDLGameFramework.WindowsDesktop\SDL2\SDL2_ttf-2.0.15\lib\x64\zlib1.dll
  已复制         3 个文件。
  E:\CJHFiles\C++\SDLGameFramework\SDLGameFramework.WindowsDesktop\SDLGameFramework.WindowsDesktop\SDL2\SDL2_image-2.0.5\lib\x64\libjpeg-9.dll
  E:\CJHFiles\C++\SDLGameFramework\SDLGameFramework.WindowsDesktop\SDLGameFramework.WindowsDesktop\SDL2\SDL2_image-2.0.5\lib\x64\libpng16-16.dll
  E:\CJHFiles\C++\SDLGameFramework\SDLGameFramework.WindowsDesktop\SDLGameFramework.WindowsDesktop\SDL2\SDL2_image-2.0.5\lib\x64\libtiff-5.dll
  E:\CJHFiles\C++\SDLGameFramework\SDLGameFramework.WindowsDesktop\SDLGameFramework.WindowsDesktop\SDL2\SDL2_image-2.0.5\lib\x64\libwebp-7.dll
  E:\CJHFiles\C++\SDLGameFramework\SDLGameFramework.WindowsDesktop\SDLGameFramework.WindowsDesktop\SDL2\SDL2_image-2.0.5\lib\x64\SDL2_image.dll
  E:\CJHFiles\C++\SDLGameFramework\SDLGameFramework.WindowsDesktop\SDLGameFramework.WindowsDesktop\SDL2\SDL2_image-2.0.5\lib\x64\zlib1.dll
  已复制         6 个文件。
  E:\CJHFiles\C++\SDLGameFramework\SDLGameFramework.WindowsDesktop\SDLGameFramework.WindowsDesktop\FFmpeg\x64\bin\avcodec-58.dll
  E:\CJHFiles\C++\SDLGameFramework\SDLGameFramework.WindowsDesktop\SDLGameFramework.WindowsDesktop\FFmpeg\x64\bin\avdevice-58.dll
  E:\CJHFiles\C++\SDLGameFramework\SDLGameFramework.WindowsDesktop\SDLGameFramework.WindowsDesktop\FFmpeg\x64\bin\avfilter-7.dll
  E:\CJHFiles\C++\SDLGameFramework\SDLGameFramework.WindowsDesktop\SDLGameFramework.WindowsDesktop\FFmpeg\x64\bin\avformat-58.dll
  E:\CJHFiles\C++\SDLGameFramework\SDLGameFramework.WindowsDesktop\SDLGameFramework.WindowsDesktop\FFmpeg\x64\bin\avutil-56.dll
  E:\CJHFiles\C++\SDLGameFramework\SDLGameFramework.WindowsDesktop\SDLGameFramework.WindowsDesktop\FFmpeg\x64\bin\swresample-3.dll
  E:\CJHFiles\C++\SDLGameFramework\SDLGameFramework.WindowsDesktop\SDLGameFramework.WindowsDesktop\FFmpeg\x64\bin\swscale-5.dll
  已复制         7 个文件。
